<?xml version="1.0" encoding="UTF-8"?>
<!-- Generated by org.testng.reporters.JUnitXMLReporter -->
<testsuite hostname="NOISMAH2831361" name="Test1" tests="3" failures="0" timestamp="22 Jul 2016 04:37:33 GMT" time="56.875" errors="0">
  <testcase name="LoginWithExistingUser" time="5.152" classname="com.somedomain.TestScript.VerifyHomepageTest"/>
  <testcase name="verifyActiveLinksCount" time="18.988" classname="com.somedomain.TestScript.VerifyHomepageTest"/>
  <testcase name="verifyCategories" time="3.75" classname="com.somedomain.TestScript.VerifyHomepageTest"/>
</testsuite> <!-- Test1 -->
